# JRE version: OpenJDK Runtime Environment (8.0_242-b01) (build 1.8.0_242-release-1644-b01)
# Java VM: OpenJDK 64-Bit Server VM (25.242-b01 mixed mode windows-amd64 compressed oops)
Heap:
 PSYoungGen      total 282624K, used 160417K [0x000000078ab00000, 0x000000079f180000, 0x00000007c0000000)
  eden space 249856K, 55% used [0x000000078ab00000,0x000000079322e8d0,0x0000000799f00000)
  from space 32768K, 67% used [0x000000079c480000,0x000000079d9f9bd0,0x000000079e480000)
  to   space 38400K, 0% used [0x0000000799f00000,0x0000000799f00000,0x000000079c480000)
 ParOldGen       total 240640K, used 75134K [0x0000000720000000, 0x000000072eb00000, 0x000000078ab00000)
  object space 240640K, 31% used [0x0000000720000000,0x000000072495f938,0x000000072eb00000)
 Metaspace       used 110377K, capacity 113499K, committed 114048K, reserved 1148928K
  class space    used 14508K, capacity 15219K, committed 15232K, reserved 1048576K
GC Heap History (10 events):
Event: 20.176 GC heap before
{Heap before GC invocations=16 (full 3):
 PSYoungGen      total 229376K, used 229356K [0x000000078ab00000, 0x000000079ba00000, 0x00000007c0000000)
  eden space 206336K, 100% used [0x000000078ab00000,0x0000000797480000,0x0000000797480000)
  from space 23040K, 99% used [0x0000000799280000,0x000000079a8fb058,0x000000079a900000)
  to   space 30720K, 0% used [0x0000000797480000,0x0000000797480000,0x0000000799280000)
 ParOldGen       total 240640K, used 52374K [0x0000000720000000, 0x000000072eb00000, 0x000000078ab00000)
  object space 240640K, 21% used [0x0000000720000000,0x0000000723325a68,0x000000072eb00000)
 Metaspace       used 88693K, capacity 91197K, committed 91904K, reserved 1128448K
  class space    used 11966K, capacity 12537K, committed 12544K, reserved 1048576K
Event: 20.268 GC heap after
Heap after GC invocations=16 (full 3):
 PSYoungGen      total 237056K, used 24604K [0x000000078ab00000, 0x000000079e480000, 0x00000007c0000000)
  eden space 206336K, 0% used [0x000000078ab00000,0x000000078ab00000,0x0000000797480000)
  from space 30720K, 80% used [0x0000000797480000,0x0000000798c871d8,0x0000000799280000)
  to   space 32768K, 0% used [0x000000079c480000,0x000000079c480000,0x000000079e480000)
 ParOldGen       total 240640K, used 75122K [0x0000000720000000, 0x000000072eb00000, 0x000000078ab00000)
  object space 240640K, 31% used [0x0000000720000000,0x000000072495c950,0x000000072eb00000)
 Metaspace       used 88693K, capacity 91197K, committed 91904K, reserved 1128448K
  class space    used 11966K, capacity 12537K, committed 12544K, reserved 1048576K
}
Event: 22.112 GC heap before
{Heap before GC invocations=17 (full 3):
 PSYoungGen      total 237056K, used 230940K [0x000000078ab00000, 0x000000079e480000, 0x00000007c0000000)
  eden space 206336K, 100% used [0x000000078ab00000,0x0000000797480000,0x0000000797480000)
  from space 30720K, 80% used [0x0000000797480000,0x0000000798c871d8,0x0000000799280000)
  to   space 32768K, 0% used [0x000000079c480000,0x000000079c480000,0x000000079e480000)
 ParOldGen       total 240640K, used 75122K [0x0000000720000000, 0x000000072eb00000, 0x000000078ab00000)
  object space 240640K, 31% used [0x0000000720000000,0x000000072495c950,0x000000072eb00000)
 Metaspace       used 89451K, capacity 92061K, committed 92800K, reserved 1130496K
  class space    used 11988K, capacity 12545K, committed 12672K, reserved 1048576K
Event: 22.152 GC heap after
Heap after GC invocations=17 (full 3):
 PSYoungGen      total 282624K, used 32740K [0x000000078ab00000, 0x000000079f180000, 0x00000007c0000000)
  eden space 249856K, 0% used [0x000000078ab00000,0x000000078ab00000,0x0000000799f00000)
  from space 32768K, 99% used [0x000000079c480000,0x000000079e479298,0x000000079e480000)
  to   space 38400K, 0% used [0x0000000799f00000,0x0000000799f00000,0x000000079c480000)
 ParOldGen       total 240640K, used 78025K [0x0000000720000000, 0x000000072eb00000, 0x000000078ab00000)
  object space 240640K, 32% used [0x0000000720000000,0x0000000724c32648,0x000000072eb00000)
 Metaspace       used 89451K, capacity 92061K, committed 92800K, reserved 1130496K
  class space    used 11988K, capacity 12545K, committed 12672K, reserved 1048576K
}
Event: 23.121 GC heap before
{Heap before GC invocations=18 (full 3):
 PSYoungGen      total 282624K, used 111311K [0x000000078ab00000, 0x000000079f180000, 0x00000007c0000000)
  eden space 249856K, 31% used [0x000000078ab00000,0x000000078f7baa78,0x0000000799f00000)
  from space 32768K, 99% used [0x000000079c480000,0x000000079e479298,0x000000079e480000)
  to   space 38400K, 0% used [0x0000000799f00000,0x0000000799f00000,0x000000079c480000)
 ParOldGen       total 240640K, used 78025K [0x0000000720000000, 0x000000072eb00000, 0x000000078ab00000)
  object space 240640K, 32% used [0x0000000720000000,0x0000000724c32648,0x000000072eb00000)
 Metaspace       used 95141K, capacity 97837K, committed 98496K, reserved 1134592K
  class space    used 12639K, capacity 13242K, committed 13312K, reserved 1048576K
Event: 23.156 GC heap after
Heap after GC invocations=18 (full 3):
 PSYoungGen      total 288256K, used 9791K [0x000000078ab00000, 0x000000079f180000, 0x00000007c0000000)
  eden space 249856K, 0% used [0x000000078ab00000,0x000000078ab00000,0x0000000799f00000)
  from space 38400K, 25% used [0x0000000799f00000,0x000000079a88ff00,0x000000079c480000)
  to   space 32768K, 0% used [0x000000079c480000,0x000000079c480000,0x000000079e480000)
 ParOldGen       total 240640K, used 109994K [0x0000000720000000, 0x000000072eb00000, 0x000000078ab00000)
  object space 240640K, 45% used [0x0000000720000000,0x0000000726b6abd8,0x000000072eb00000)
 Metaspace       used 95141K, capacity 97837K, committed 98496K, reserved 1134592K
  class space    used 12639K, capacity 13242K, committed 13312K, reserved 1048576K
}
Event: 23.156 GC heap before
{Heap before GC invocations=19 (full 4):
 PSYoungGen      total 288256K, used 9791K [0x000000078ab00000, 0x000000079f180000, 0x00000007c0000000)
  eden space 249856K, 0% used [0x000000078ab00000,0x000000078ab00000,0x0000000799f00000)
  from space 38400K, 25% used [0x0000000799f00000,0x000000079a88ff00,0x000000079c480000)
  to   space 32768K, 0% used [0x000000079c480000,0x000000079c480000,0x000000079e480000)
 ParOldGen       total 240640K, used 109994K [0x0000000720000000, 0x000000072eb00000, 0x000000078ab00000)
  object space 240640K, 45% used [0x0000000720000000,0x0000000726b6abd8,0x000000072eb00000)
 Metaspace       used 95141K, capacity 97837K, committed 98496K, reserved 1134592K
  class space    used 12639K, capacity 13242K, committed 13312K, reserved 1048576K
Event: 23.438 GC heap after
Heap after GC invocations=19 (full 4):
 PSYoungGen      total 288256K, used 0K [0x000000078ab00000, 0x000000079f180000, 0x00000007c0000000)
  eden space 249856K, 0% used [0x000000078ab00000,0x000000078ab00000,0x0000000799f00000)
  from space 38400K, 0% used [0x0000000799f00000,0x0000000799f00000,0x000000079c480000)
  to   space 32768K, 0% used [0x000000079c480000,0x000000079c480000,0x000000079e480000)
 ParOldGen       total 240640K, used 75126K [0x0000000720000000, 0x000000072eb00000, 0x000000078ab00000)
  object space 240640K, 31% used [0x0000000720000000,0x000000072495d938,0x000000072eb00000)
 Metaspace       used 95141K, capacity 97837K, committed 98496K, reserved 1134592K
  class space    used 12639K, capacity 13242K, committed 13312K, reserved 1048576K
}
Event: 27.366 GC heap before
{Heap before GC invocations=20 (full 4):
 PSYoungGen      total 288256K, used 249856K [0x000000078ab00000, 0x000000079f180000, 0x00000007c0000000)
  eden space 249856K, 100% used [0x000000078ab00000,0x0000000799f00000,0x0000000799f00000)
  from space 38400K, 0% used [0x0000000799f00000,0x0000000799f00000,0x000000079c480000)
  to   space 32768K, 0% used [0x000000079c480000,0x000000079c480000,0x000000079e480000)
 ParOldGen       total 240640K, used 75126K [0x0000000720000000, 0x000000072eb00000, 0x000000078ab00000)
  object space 240640K, 31% used [0x0000000720000000,0x000000072495d938,0x000000072eb00000)
 Metaspace       used 103590K, capacity 106449K, committed 107264K, reserved 1142784K
  class space    used 13585K, capacity 14242K, committed 14336K, reserved 1048576K
Event: 27.393 GC heap after
Heap after GC invocations=20 (full 4):
 PSYoungGen      total 282624K, used 21990K [0x000000078ab00000, 0x000000079f180000, 0x00000007c0000000)
  eden space 249856K, 0% used [0x000000078ab00000,0x000000078ab00000,0x0000000799f00000)
  from space 32768K, 67% used [0x000000079c480000,0x000000079d9f9bd0,0x000000079e480000)
  to   space 38400K, 0% used [0x0000000799f00000,0x0000000799f00000,0x000000079c480000)
 ParOldGen       total 240640K, used 75134K [0x0000000720000000, 0x000000072eb00000, 0x000000078ab00000)
  object space 240640K, 31% used [0x0000000720000000,0x000000072495f938,0x000000072eb00000)
 Metaspace       used 103590K, capacity 106449K, committed 107264K, reserved 1142784K
  class space    used 13585K, capacity 14242K, committed 14336K, reserved 1048576K
}

