# JRE version: OpenJDK Runtime Environment (8.0_242-b01) (build 1.8.0_242-release-1644-b01)
# Java VM: OpenJDK 64-Bit Server VM (25.242-b01 mixed mode windows-amd64 compressed oops)
Heap:
 PSYoungGen      total 310784K, used 20719K [0x000000078ab00000, 0x00000007a3700000, 0x00000007c0000000)
  eden space 286208K, 7% used [0x000000078ab00000,0x000000078bf3bdf8,0x000000079c280000)
  from space 24576K, 0% used [0x000000079c280000,0x000000079c280000,0x000000079da80000)
  to   space 31232K, 0% used [0x00000007a1880000,0x00000007a1880000,0x00000007a3700000)
 ParOldGen       total 244224K, used 95150K [0x0000000720000000, 0x000000072ee80000, 0x000000078ab00000)
  object space 244224K, 38% used [0x0000000720000000,0x0000000725ceb940,0x000000072ee80000)
 Metaspace       used 96698K, capacity 99689K, committed 100008K, reserved 1136640K
  class space    used 13101K, capacity 13714K, committed 13744K, reserved 1048576K
GC Heap History (10 events):
Event: 15.301 GC heap before
{Heap before GC invocations=11 (full 3):
 PSYoungGen      total 304128K, used 17900K [0x000000078ab00000, 0x000000079f500000, 0x00000007c0000000)
  eden space 286208K, 0% used [0x000000078ab00000,0x000000078ab00000,0x000000079c280000)
  from space 17920K, 99% used [0x000000079da80000,0x000000079ebfb270,0x000000079ec00000)
  to   space 24576K, 0% used [0x000000079c280000,0x000000079c280000,0x000000079da80000)
 ParOldGen       total 158208K, used 30224K [0x0000000720000000, 0x0000000729a80000, 0x000000078ab00000)
  object space 158208K, 19% used [0x0000000720000000,0x0000000721d840f8,0x0000000729a80000)
 Metaspace       used 56728K, capacity 59038K, committed 59160K, reserved 1099776K
  class space    used 7773K, capacity 8281K, committed 8368K, reserved 1048576K
Event: 15.604 GC heap after
Heap after GC invocations=11 (full 3):
 PSYoungGen      total 304128K, used 0K [0x000000078ab00000, 0x000000079f500000, 0x00000007c0000000)
  eden space 286208K, 0% used [0x000000078ab00000,0x000000078ab00000,0x000000079c280000)
  from space 17920K, 0% used [0x000000079da80000,0x000000079da80000,0x000000079ec00000)
  to   space 24576K, 0% used [0x000000079c280000,0x000000079c280000,0x000000079da80000)
 ParOldGen       total 244224K, used 40622K [0x0000000720000000, 0x000000072ee80000, 0x000000078ab00000)
  object space 244224K, 16% used [0x0000000720000000,0x00000007227ab970,0x000000072ee80000)
 Metaspace       used 56696K, capacity 58936K, committed 59160K, reserved 1099776K
  class space    used 7764K, capacity 8264K, committed 8368K, reserved 1048576K
}
Event: 19.431 GC heap before
{Heap before GC invocations=12 (full 3):
 PSYoungGen      total 304128K, used 286208K [0x000000078ab00000, 0x000000079f500000, 0x00000007c0000000)
  eden space 286208K, 100% used [0x000000078ab00000,0x000000079c280000,0x000000079c280000)
  from space 17920K, 0% used [0x000000079da80000,0x000000079da80000,0x000000079ec00000)
  to   space 24576K, 0% used [0x000000079c280000,0x000000079c280000,0x000000079da80000)
 ParOldGen       total 244224K, used 40622K [0x0000000720000000, 0x000000072ee80000, 0x000000078ab00000)
  object space 244224K, 16% used [0x0000000720000000,0x00000007227ab970,0x000000072ee80000)
 Metaspace       used 78551K, capacity 81388K, committed 81704K, reserved 1120256K
  class space    used 10891K, capacity 11486K, committed 11568K, reserved 1048576K
Event: 19.495 GC heap after
Heap after GC invocations=12 (full 3):
 PSYoungGen      total 310784K, used 24574K [0x000000078ab00000, 0x00000007a3700000, 0x00000007c0000000)
  eden space 286208K, 0% used [0x000000078ab00000,0x000000078ab00000,0x000000079c280000)
  from space 24576K, 99% used [0x000000079c280000,0x000000079da7f8d8,0x000000079da80000)
  to   space 31232K, 0% used [0x00000007a1880000,0x00000007a1880000,0x00000007a3700000)
 ParOldGen       total 244224K, used 47907K [0x0000000720000000, 0x000000072ee80000, 0x000000078ab00000)
  object space 244224K, 19% used [0x0000000720000000,0x0000000722ec8e50,0x000000072ee80000)
 Metaspace       used 78551K, capacity 81388K, committed 81704K, reserved 1120256K
  class space    used 10891K, capacity 11486K, committed 11568K, reserved 1048576K
}
Event: 22.434 GC heap before
{Heap before GC invocations=13 (full 3):
 PSYoungGen      total 310784K, used 310782K [0x000000078ab00000, 0x00000007a3700000, 0x00000007c0000000)
  eden space 286208K, 100% used [0x000000078ab00000,0x000000079c280000,0x000000079c280000)
  from space 24576K, 99% used [0x000000079c280000,0x000000079da7f8d8,0x000000079da80000)
  to   space 31232K, 0% used [0x00000007a1880000,0x00000007a1880000,0x00000007a3700000)
 ParOldGen       total 244224K, used 47907K [0x0000000720000000, 0x000000072ee80000, 0x000000078ab00000)
  object space 244224K, 19% used [0x0000000720000000,0x0000000722ec8e50,0x000000072ee80000)
 Metaspace       used 85986K, capacity 88853K, committed 89128K, reserved 1126400K
  class space    used 11883K, capacity 12489K, committed 12592K, reserved 1048576K
Event: 22.543 GC heap after
Heap after GC invocations=13 (full 3):
 PSYoungGen      total 317440K, used 31203K [0x000000078ab00000, 0x00000007a3700000, 0x00000007c0000000)
  eden space 286208K, 0% used [0x000000078ab00000,0x000000078ab00000,0x000000079c280000)
  from space 31232K, 99% used [0x00000007a1880000,0x00000007a36f8eb0,0x00000007a3700000)
  to   space 24576K, 0% used [0x000000079c280000,0x000000079c280000,0x000000079da80000)
 ParOldGen       total 244224K, used 71967K [0x0000000720000000, 0x000000072ee80000, 0x000000078ab00000)
  object space 244224K, 29% used [0x0000000720000000,0x0000000724647f78,0x000000072ee80000)
 Metaspace       used 85986K, capacity 88853K, committed 89128K, reserved 1126400K
  class space    used 11883K, capacity 12489K, committed 12592K, reserved 1048576K
}
Event: 25.773 GC heap before
{Heap before GC invocations=14 (full 3):
 PSYoungGen      total 317440K, used 214201K [0x000000078ab00000, 0x00000007a3700000, 0x00000007c0000000)
  eden space 286208K, 63% used [0x000000078ab00000,0x0000000795db5850,0x000000079c280000)
  from space 31232K, 99% used [0x00000007a1880000,0x00000007a36f8eb0,0x00000007a3700000)
  to   space 24576K, 0% used [0x000000079c280000,0x000000079c280000,0x000000079da80000)
 ParOldGen       total 244224K, used 71967K [0x0000000720000000, 0x000000072ee80000, 0x000000078ab00000)
  object space 244224K, 29% used [0x0000000720000000,0x0000000724647f78,0x000000072ee80000)
 Metaspace       used 95389K, capacity 98345K, committed 98600K, reserved 1134592K
  class space    used 12922K, capacity 13542K, committed 13616K, reserved 1048576K
Event: 25.854 GC heap after
Heap after GC invocations=14 (full 3):
 PSYoungGen      total 310784K, used 20383K [0x000000078ab00000, 0x00000007a3700000, 0x00000007c0000000)
  eden space 286208K, 0% used [0x000000078ab00000,0x000000078ab00000,0x000000079c280000)
  from space 24576K, 82% used [0x000000079c280000,0x000000079d667fb8,0x000000079da80000)
  to   space 31232K, 0% used [0x00000007a1880000,0x00000007a1880000,0x00000007a3700000)
 ParOldGen       total 244224K, used 103100K [0x0000000720000000, 0x000000072ee80000, 0x000000078ab00000)
  object space 244224K, 42% used [0x0000000720000000,0x00000007264af2c0,0x000000072ee80000)
 Metaspace       used 95389K, capacity 98345K, committed 98600K, reserved 1134592K
  class space    used 12922K, capacity 13542K, committed 13616K, reserved 1048576K
}
Event: 25.854 GC heap before
{Heap before GC invocations=15 (full 4):
 PSYoungGen      total 310784K, used 20383K [0x000000078ab00000, 0x00000007a3700000, 0x00000007c0000000)
  eden space 286208K, 0% used [0x000000078ab00000,0x000000078ab00000,0x000000079c280000)
  from space 24576K, 82% used [0x000000079c280000,0x000000079d667fb8,0x000000079da80000)
  to   space 31232K, 0% used [0x00000007a1880000,0x00000007a1880000,0x00000007a3700000)
 ParOldGen       total 244224K, used 103100K [0x0000000720000000, 0x000000072ee80000, 0x000000078ab00000)
  object space 244224K, 42% used [0x0000000720000000,0x00000007264af2c0,0x000000072ee80000)
 Metaspace       used 95389K, capacity 98345K, committed 98600K, reserved 1134592K
  class space    used 12922K, capacity 13542K, committed 13616K, reserved 1048576K
Event: 26.325 GC heap after
Heap after GC invocations=15 (full 4):
 PSYoungGen      total 310784K, used 0K [0x000000078ab00000, 0x00000007a3700000, 0x00000007c0000000)
  eden space 286208K, 0% used [0x000000078ab00000,0x000000078ab00000,0x000000079c280000)
  from space 24576K, 0% used [0x000000079c280000,0x000000079c280000,0x000000079da80000)
  to   space 31232K, 0% used [0x00000007a1880000,0x00000007a1880000,0x00000007a3700000)
 ParOldGen       total 244224K, used 95150K [0x0000000720000000, 0x000000072ee80000, 0x000000078ab00000)
  object space 244224K, 38% used [0x0000000720000000,0x0000000725ceb940,0x000000072ee80000)
 Metaspace       used 95389K, capacity 98345K, committed 98600K, reserved 1134592K
  class space    used 12922K, capacity 13542K, committed 13616K, reserved 1048576K
}

