# JRE version: OpenJDK Runtime Environment (8.0_242-b01) (build 1.8.0_242-release-1644-b01)
# Java VM: OpenJDK 64-Bit Server VM (25.242-b01 mixed mode windows-amd64 compressed oops)
Heap:
 PSYoungGen      total 201216K, used 49108K [0x000000078ab00000, 0x0000000798e80000, 0x00000007c0000000)
  eden space 178688K, 14% used [0x000000078ab00000,0x000000078c4f8128,0x0000000795980000)
  from space 22528K, 99% used [0x0000000795980000,0x0000000796f7d040,0x0000000796f80000)
  to   space 20480K, 0% used [0x0000000796f80000,0x0000000796f80000,0x0000000798380000)
 ParOldGen       total 243200K, used 44366K [0x0000000720000000, 0x000000072ed80000, 0x000000078ab00000)
  object space 243200K, 18% used [0x0000000720000000,0x0000000722b538e8,0x000000072ed80000)
 Metaspace       used 76709K, capacity 79439K, committed 79656K, reserved 1118208K
  class space    used 10446K, capacity 11052K, committed 11056K, reserved 1048576K
GC Heap History (10 events):
Event: 26.800 GC heap before
{Heap before GC invocations=12 (full 2):
 PSYoungGen      total 152064K, used 152043K [0x000000078ab00000, 0x0000000796080000, 0x00000007c0000000)
  eden space 140288K, 100% used [0x000000078ab00000,0x0000000793400000,0x0000000793400000)
  from space 11776K, 99% used [0x0000000793400000,0x0000000793f7ada8,0x0000000793f80000)
  to   space 13824K, 0% used [0x0000000795300000,0x0000000795300000,0x0000000796080000)
 ParOldGen       total 164864K, used 19171K [0x0000000720000000, 0x000000072a100000, 0x000000078ab00000)
  object space 164864K, 11% used [0x0000000720000000,0x00000007212b8f30,0x000000072a100000)
 Metaspace       used 52318K, capacity 54630K, committed 54696K, reserved 1097728K
  class space    used 7274K, capacity 7809K, committed 7856K, reserved 1048576K
Event: 26.825 GC heap after
Heap after GC invocations=12 (full 2):
 PSYoungGen      total 168960K, used 13805K [0x000000078ab00000, 0x0000000797100000, 0x00000007c0000000)
  eden space 155136K, 0% used [0x000000078ab00000,0x000000078ab00000,0x0000000794280000)
  from space 13824K, 99% used [0x0000000795300000,0x000000079607b458,0x0000000796080000)
  to   space 16896K, 0% used [0x0000000794280000,0x0000000794280000,0x0000000795300000)
 ParOldGen       total 164864K, used 24977K [0x0000000720000000, 0x000000072a100000, 0x000000078ab00000)
  object space 164864K, 15% used [0x0000000720000000,0x0000000721864690,0x000000072a100000)
 Metaspace       used 52318K, capacity 54630K, committed 54696K, reserved 1097728K
  class space    used 7274K, capacity 7809K, committed 7856K, reserved 1048576K
}
Event: 587.346 GC heap before
{Heap before GC invocations=13 (full 2):
 PSYoungGen      total 168960K, used 137440K [0x000000078ab00000, 0x0000000797100000, 0x00000007c0000000)
  eden space 155136K, 79% used [0x000000078ab00000,0x00000007923bccf0,0x0000000794280000)
  from space 13824K, 99% used [0x0000000795300000,0x000000079607b458,0x0000000796080000)
  to   space 16896K, 0% used [0x0000000794280000,0x0000000794280000,0x0000000795300000)
 ParOldGen       total 164864K, used 24977K [0x0000000720000000, 0x000000072a100000, 0x000000078ab00000)
  object space 164864K, 15% used [0x0000000720000000,0x0000000721864690,0x000000072a100000)
 Metaspace       used 56420K, capacity 58968K, committed 59160K, reserved 1101824K
  class space    used 7706K, capacity 8283K, committed 8368K, reserved 1048576K
Event: 587.374 GC heap after
Heap after GC invocations=13 (full 2):
 PSYoungGen      total 172032K, used 16869K [0x000000078ab00000, 0x0000000798380000, 0x00000007c0000000)
  eden space 155136K, 0% used [0x000000078ab00000,0x000000078ab00000,0x0000000794280000)
  from space 16896K, 99% used [0x0000000794280000,0x00000007952f9458,0x0000000795300000)
  to   space 20480K, 0% used [0x0000000796f80000,0x0000000796f80000,0x0000000798380000)
 ParOldGen       total 164864K, used 29707K [0x0000000720000000, 0x000000072a100000, 0x000000078ab00000)
  object space 164864K, 18% used [0x0000000720000000,0x0000000721d02ce0,0x000000072a100000)
 Metaspace       used 56420K, capacity 58968K, committed 59160K, reserved 1101824K
  class space    used 7706K, capacity 8283K, committed 8368K, reserved 1048576K
}
Event: 587.374 GC heap before
{Heap before GC invocations=14 (full 3):
 PSYoungGen      total 172032K, used 16869K [0x000000078ab00000, 0x0000000798380000, 0x00000007c0000000)
  eden space 155136K, 0% used [0x000000078ab00000,0x000000078ab00000,0x0000000794280000)
  from space 16896K, 99% used [0x0000000794280000,0x00000007952f9458,0x0000000795300000)
  to   space 20480K, 0% used [0x0000000796f80000,0x0000000796f80000,0x0000000798380000)
 ParOldGen       total 164864K, used 29707K [0x0000000720000000, 0x000000072a100000, 0x000000078ab00000)
  object space 164864K, 18% used [0x0000000720000000,0x0000000721d02ce0,0x000000072a100000)
 Metaspace       used 56420K, capacity 58968K, committed 59160K, reserved 1101824K
  class space    used 7706K, capacity 8283K, committed 8368K, reserved 1048576K
Event: 587.690 GC heap after
Heap after GC invocations=14 (full 3):
 PSYoungGen      total 172032K, used 0K [0x000000078ab00000, 0x0000000798380000, 0x00000007c0000000)
  eden space 155136K, 0% used [0x000000078ab00000,0x000000078ab00000,0x0000000794280000)
  from space 16896K, 0% used [0x0000000794280000,0x0000000794280000,0x0000000795300000)
  to   space 20480K, 0% used [0x0000000796f80000,0x0000000796f80000,0x0000000798380000)
 ParOldGen       total 243200K, used 33075K [0x0000000720000000, 0x000000072ed80000, 0x000000078ab00000)
  object space 243200K, 13% used [0x0000000720000000,0x000000072204cd28,0x000000072ed80000)
 Metaspace       used 56396K, capacity 58890K, committed 59160K, reserved 1101824K
  class space    used 7699K, capacity 8270K, committed 8368K, reserved 1048576K
}
Event: 589.697 GC heap before
{Heap before GC invocations=15 (full 3):
 PSYoungGen      total 172032K, used 155136K [0x000000078ab00000, 0x0000000798380000, 0x00000007c0000000)
  eden space 155136K, 100% used [0x000000078ab00000,0x0000000794280000,0x0000000794280000)
  from space 16896K, 0% used [0x0000000794280000,0x0000000794280000,0x0000000795300000)
  to   space 20480K, 0% used [0x0000000796f80000,0x0000000796f80000,0x0000000798380000)
 ParOldGen       total 243200K, used 33075K [0x0000000720000000, 0x000000072ed80000, 0x000000078ab00000)
  object space 243200K, 13% used [0x0000000720000000,0x000000072204cd28,0x000000072ed80000)
 Metaspace       used 64921K, capacity 67553K, committed 68008K, reserved 1107968K
  class space    used 9196K, capacity 9778K, committed 9904K, reserved 1048576K
Event: 589.715 GC heap after
Heap after GC invocations=15 (full 3):
 PSYoungGen      total 199168K, used 19184K [0x000000078ab00000, 0x0000000798e80000, 0x00000007c0000000)
  eden space 178688K, 0% used [0x000000078ab00000,0x000000078ab00000,0x0000000795980000)
  from space 20480K, 93% used [0x0000000796f80000,0x000000079823c3b0,0x0000000798380000)
  to   space 22528K, 0% used [0x0000000795980000,0x0000000795980000,0x0000000796f80000)
 ParOldGen       total 243200K, used 33147K [0x0000000720000000, 0x000000072ed80000, 0x000000078ab00000)
  object space 243200K, 13% used [0x0000000720000000,0x000000072205ed38,0x000000072ed80000)
 Metaspace       used 64921K, capacity 67553K, committed 68008K, reserved 1107968K
  class space    used 9196K, capacity 9778K, committed 9904K, reserved 1048576K
}
Event: 592.811 GC heap before
{Heap before GC invocations=16 (full 3):
 PSYoungGen      total 199168K, used 197872K [0x000000078ab00000, 0x0000000798e80000, 0x00000007c0000000)
  eden space 178688K, 100% used [0x000000078ab00000,0x0000000795980000,0x0000000795980000)
  from space 20480K, 93% used [0x0000000796f80000,0x000000079823c3b0,0x0000000798380000)
  to   space 22528K, 0% used [0x0000000795980000,0x0000000795980000,0x0000000796f80000)
 ParOldGen       total 243200K, used 33147K [0x0000000720000000, 0x000000072ed80000, 0x000000078ab00000)
  object space 243200K, 13% used [0x0000000720000000,0x000000072205ed38,0x000000072ed80000)
 Metaspace       used 76024K, capacity 78735K, committed 79144K, reserved 1118208K
  class space    used 10384K, capacity 10988K, committed 11056K, reserved 1048576K
Event: 592.857 GC heap after
Heap after GC invocations=16 (full 3):
 PSYoungGen      total 201216K, used 22516K [0x000000078ab00000, 0x0000000798e80000, 0x00000007c0000000)
  eden space 178688K, 0% used [0x000000078ab00000,0x000000078ab00000,0x0000000795980000)
  from space 22528K, 99% used [0x0000000795980000,0x0000000796f7d040,0x0000000796f80000)
  to   space 20480K, 0% used [0x0000000796f80000,0x0000000796f80000,0x0000000798380000)
 ParOldGen       total 243200K, used 44366K [0x0000000720000000, 0x000000072ed80000, 0x000000078ab00000)
  object space 243200K, 18% used [0x0000000720000000,0x0000000722b538e8,0x000000072ed80000)
 Metaspace       used 76024K, capacity 78735K, committed 79144K, reserved 1118208K
  class space    used 10384K, capacity 10988K, committed 11056K, reserved 1048576K
}

