# JRE version: OpenJDK Runtime Environment (8.0_242-b01) (build 1.8.0_242-release-1644-b01)
# Java VM: OpenJDK 64-Bit Server VM (25.242-b01 mixed mode windows-amd64 compressed oops)
Heap:
 PSYoungGen      total 251392K, used 64882K [0x000000078ab00000, 0x000000079f200000, 0x00000007c0000000)
  eden space 216576K, 29% used [0x000000078ab00000,0x000000078ea5cb48,0x0000000797e80000)
  from space 34816K, 0% used [0x0000000797e80000,0x0000000797e80000,0x000000079a080000)
  to   space 34816K, 0% used [0x000000079d000000,0x000000079d000000,0x000000079f200000)
 ParOldGen       total 366592K, used 74038K [0x0000000720000000, 0x0000000736600000, 0x000000078ab00000)
  object space 366592K, 20% used [0x0000000720000000,0x000000072484da50,0x0000000736600000)
 Metaspace       used 101425K, capacity 104397K, committed 104984K, reserved 1140736K
  class space    used 13483K, capacity 14101K, committed 14112K, reserved 1048576K
GC Heap History (10 events):
Event: 45.126 GC heap before
{Heap before GC invocations=15 (full 3):
 PSYoungGen      total 186368K, used 186363K [0x000000078ab00000, 0x0000000799180000, 0x00000007c0000000)
  eden space 167936K, 100% used [0x000000078ab00000,0x0000000794f00000,0x0000000794f00000)
  from space 18432K, 99% used [0x0000000794f00000,0x00000007960fec58,0x0000000796100000)
  to   space 20480K, 0% used [0x0000000797d80000,0x0000000797d80000,0x0000000799180000)
 ParOldGen       total 237056K, used 34127K [0x0000000720000000, 0x000000072e780000, 0x000000078ab00000)
  object space 237056K, 14% used [0x0000000720000000,0x0000000722153d60,0x000000072e780000)
 Metaspace       used 76579K, capacity 79077K, committed 79512K, reserved 1118208K
  class space    used 10602K, capacity 11114K, committed 11168K, reserved 1048576K
Event: 45.173 GC heap after
Heap after GC invocations=15 (full 3):
 PSYoungGen      total 208896K, used 20471K [0x000000078ab00000, 0x000000079a100000, 0x00000007c0000000)
  eden space 188416K, 0% used [0x000000078ab00000,0x000000078ab00000,0x0000000796300000)
  from space 20480K, 99% used [0x0000000797d80000,0x000000079917dd50,0x0000000799180000)
  to   space 27136K, 0% used [0x0000000796300000,0x0000000796300000,0x0000000797d80000)
 ParOldGen       total 237056K, used 45285K [0x0000000720000000, 0x000000072e780000, 0x000000078ab00000)
  object space 237056K, 19% used [0x0000000720000000,0x0000000722c39798,0x000000072e780000)
 Metaspace       used 76579K, capacity 79077K, committed 79512K, reserved 1118208K
  class space    used 10602K, capacity 11114K, committed 11168K, reserved 1048576K
}
Event: 49.072 GC heap before
{Heap before GC invocations=16 (full 3):
 PSYoungGen      total 208896K, used 208887K [0x000000078ab00000, 0x000000079a100000, 0x00000007c0000000)
  eden space 188416K, 100% used [0x000000078ab00000,0x0000000796300000,0x0000000796300000)
  from space 20480K, 99% used [0x0000000797d80000,0x000000079917dd50,0x0000000799180000)
  to   space 27136K, 0% used [0x0000000796300000,0x0000000796300000,0x0000000797d80000)
 ParOldGen       total 237056K, used 45285K [0x0000000720000000, 0x000000072e780000, 0x000000078ab00000)
  object space 237056K, 19% used [0x0000000720000000,0x0000000722c39798,0x000000072e780000)
 Metaspace       used 87477K, capacity 90077K, committed 90648K, reserved 1128448K
  class space    used 12015K, capacity 12550K, committed 12576K, reserved 1048576K
Event: 49.120 GC heap after
Heap after GC invocations=16 (full 3):
 PSYoungGen      total 215552K, used 20384K [0x000000078ab00000, 0x000000079bc00000, 0x00000007c0000000)
  eden space 188416K, 0% used [0x000000078ab00000,0x000000078ab00000,0x0000000796300000)
  from space 27136K, 75% used [0x0000000796300000,0x00000007976e8248,0x0000000797d80000)
  to   space 28160K, 0% used [0x000000079a080000,0x000000079a080000,0x000000079bc00000)
 ParOldGen       total 237056K, used 65568K [0x0000000720000000, 0x000000072e780000, 0x000000078ab00000)
  object space 237056K, 27% used [0x0000000720000000,0x00000007240082f8,0x000000072e780000)
 Metaspace       used 87477K, capacity 90077K, committed 90648K, reserved 1128448K
  class space    used 12015K, capacity 12550K, committed 12576K, reserved 1048576K
}
Event: 52.567 GC heap before
{Heap before GC invocations=17 (full 3):
 PSYoungGen      total 215552K, used 208800K [0x000000078ab00000, 0x000000079bc00000, 0x00000007c0000000)
  eden space 188416K, 100% used [0x000000078ab00000,0x0000000796300000,0x0000000796300000)
  from space 27136K, 75% used [0x0000000796300000,0x00000007976e8248,0x0000000797d80000)
  to   space 28160K, 0% used [0x000000079a080000,0x000000079a080000,0x000000079bc00000)
 ParOldGen       total 237056K, used 65568K [0x0000000720000000, 0x000000072e780000, 0x000000078ab00000)
  object space 237056K, 27% used [0x0000000720000000,0x00000007240082f8,0x000000072e780000)
 Metaspace       used 93500K, capacity 96271K, committed 96664K, reserved 1132544K
  class space    used 12625K, capacity 13201K, committed 13216K, reserved 1048576K
Event: 52.645 GC heap after
Heap after GC invocations=17 (full 3):
 PSYoungGen      total 244736K, used 28148K [0x000000078ab00000, 0x000000079cf80000, 0x00000007c0000000)
  eden space 216576K, 0% used [0x000000078ab00000,0x000000078ab00000,0x0000000797e80000)
  from space 28160K, 99% used [0x000000079a080000,0x000000079bbfd1e8,0x000000079bc00000)
  to   space 34816K, 0% used [0x0000000797e80000,0x0000000797e80000,0x000000079a080000)
 ParOldGen       total 237056K, used 73570K [0x0000000720000000, 0x000000072e780000, 0x000000078ab00000)
  object space 237056K, 31% used [0x0000000720000000,0x00000007247d8a20,0x000000072e780000)
 Metaspace       used 93500K, capacity 96271K, committed 96664K, reserved 1132544K
  class space    used 12625K, capacity 13201K, committed 13216K, reserved 1048576K
}
Event: 57.670 GC heap before
{Heap before GC invocations=18 (full 3):
 PSYoungGen      total 244736K, used 197549K [0x000000078ab00000, 0x000000079cf80000, 0x00000007c0000000)
  eden space 216576K, 78% used [0x000000078ab00000,0x000000079506e4e8,0x0000000797e80000)
  from space 28160K, 99% used [0x000000079a080000,0x000000079bbfd1e8,0x000000079bc00000)
  to   space 34816K, 0% used [0x0000000797e80000,0x0000000797e80000,0x000000079a080000)
 ParOldGen       total 237056K, used 73570K [0x0000000720000000, 0x000000072e780000, 0x000000078ab00000)
  object space 237056K, 31% used [0x0000000720000000,0x00000007247d8a20,0x000000072e780000)
 Metaspace       used 95338K, capacity 98189K, committed 98600K, reserved 1134592K
  class space    used 12775K, capacity 13387K, committed 13472K, reserved 1048576K
Event: 57.745 GC heap after
Heap after GC invocations=18 (full 3):
 PSYoungGen      total 251392K, used 7540K [0x000000078ab00000, 0x000000079f200000, 0x00000007c0000000)
  eden space 216576K, 0% used [0x000000078ab00000,0x000000078ab00000,0x0000000797e80000)
  from space 34816K, 21% used [0x0000000797e80000,0x00000007985dd190,0x000000079a080000)
  to   space 34816K, 0% used [0x000000079d000000,0x000000079d000000,0x000000079f200000)
 ParOldGen       total 237056K, used 101543K [0x0000000720000000, 0x000000072e780000, 0x000000078ab00000)
  object space 237056K, 42% used [0x0000000720000000,0x0000000726329e48,0x000000072e780000)
 Metaspace       used 95338K, capacity 98189K, committed 98600K, reserved 1134592K
  class space    used 12775K, capacity 13387K, committed 13472K, reserved 1048576K
}
Event: 57.745 GC heap before
{Heap before GC invocations=19 (full 4):
 PSYoungGen      total 251392K, used 7540K [0x000000078ab00000, 0x000000079f200000, 0x00000007c0000000)
  eden space 216576K, 0% used [0x000000078ab00000,0x000000078ab00000,0x0000000797e80000)
  from space 34816K, 21% used [0x0000000797e80000,0x00000007985dd190,0x000000079a080000)
  to   space 34816K, 0% used [0x000000079d000000,0x000000079d000000,0x000000079f200000)
 ParOldGen       total 237056K, used 101543K [0x0000000720000000, 0x000000072e780000, 0x000000078ab00000)
  object space 237056K, 42% used [0x0000000720000000,0x0000000726329e48,0x000000072e780000)
 Metaspace       used 95338K, capacity 98189K, committed 98600K, reserved 1134592K
  class space    used 12775K, capacity 13387K, committed 13472K, reserved 1048576K
Event: 58.128 GC heap after
Heap after GC invocations=19 (full 4):
 PSYoungGen      total 251392K, used 0K [0x000000078ab00000, 0x000000079f200000, 0x00000007c0000000)
  eden space 216576K, 0% used [0x000000078ab00000,0x000000078ab00000,0x0000000797e80000)
  from space 34816K, 0% used [0x0000000797e80000,0x0000000797e80000,0x000000079a080000)
  to   space 34816K, 0% used [0x000000079d000000,0x000000079d000000,0x000000079f200000)
 ParOldGen       total 366592K, used 74038K [0x0000000720000000, 0x0000000736600000, 0x000000078ab00000)
  object space 366592K, 20% used [0x0000000720000000,0x000000072484da50,0x0000000736600000)
 Metaspace       used 95338K, capacity 98189K, committed 98600K, reserved 1134592K
  class space    used 12775K, capacity 13387K, committed 13472K, reserved 1048576K
}

