# JRE version: OpenJDK Runtime Environment (8.0_242-b01) (build 1.8.0_242-release-1644-b01)
# Java VM: OpenJDK 64-Bit Server VM (25.242-b01 mixed mode windows-amd64 compressed oops)
Heap:
 PSYoungGen      total 196096K, used 155113K [0x000000078ab00000, 0x000000079c280000, 0x00000007c0000000)
  eden space 176640K, 87% used [0x000000078ab00000,0x000000079427a5a0,0x0000000795780000)
  from space 19456K, 0% used [0x0000000795780000,0x0000000795780000,0x0000000796a80000)
  to   space 20992K, 0% used [0x000000079ae00000,0x000000079ae00000,0x000000079c280000)
 ParOldGen       total 222720K, used 33408K [0x0000000720000000, 0x000000072d980000, 0x000000078ab00000)
  object space 222720K, 15% used [0x0000000720000000,0x00000007220a0190,0x000000072d980000)
 Metaspace       used 68791K, capacity 71486K, committed 71720K, reserved 1112064K
  class space    used 9419K, capacity 9985K, committed 10032K, reserved 1048576K
GC Heap History (10 events):
Event: 8.169 GC heap before
{Heap before GC invocations=10 (full 2):
 PSYoungGen      total 107008K, used 95232K [0x000000078ab00000, 0x0000000795000000, 0x00000007c0000000)
  eden space 95232K, 100% used [0x000000078ab00000,0x0000000790800000,0x0000000790800000)
  from space 11776K, 0% used [0x0000000790800000,0x0000000790800000,0x0000000791380000)
  to   space 11776K, 0% used [0x0000000794480000,0x0000000794480000,0x0000000795000000)
 ParOldGen       total 161792K, used 16366K [0x0000000720000000, 0x0000000729e00000, 0x000000078ab00000)
  object space 161792K, 10% used [0x0000000720000000,0x0000000720ffb860,0x0000000729e00000)
 Metaspace       used 39115K, capacity 40634K, committed 40872K, reserved 1085440K
  class space    used 5431K, capacity 5808K, committed 5808K, reserved 1048576K
Event: 8.191 GC heap after
Heap after GC invocations=10 (full 2):
 PSYoungGen      total 151552K, used 9361K [0x000000078ab00000, 0x0000000794e00000, 0x00000007c0000000)
  eden space 141824K, 0% used [0x000000078ab00000,0x000000078ab00000,0x0000000793580000)
  from space 9728K, 96% used [0x0000000794480000,0x0000000794da4428,0x0000000794e00000)
  to   space 11776K, 0% used [0x0000000793700000,0x0000000793700000,0x0000000794280000)
 ParOldGen       total 161792K, used 16374K [0x0000000720000000, 0x0000000729e00000, 0x000000078ab00000)
  object space 161792K, 10% used [0x0000000720000000,0x0000000720ffd860,0x0000000729e00000)
 Metaspace       used 39115K, capacity 40634K, committed 40872K, reserved 1085440K
  class space    used 5431K, capacity 5808K, committed 5808K, reserved 1048576K
}
Event: 10.413 GC heap before
{Heap before GC invocations=11 (full 2):
 PSYoungGen      total 151552K, used 151185K [0x000000078ab00000, 0x0000000794e00000, 0x00000007c0000000)
  eden space 141824K, 100% used [0x000000078ab00000,0x0000000793580000,0x0000000793580000)
  from space 9728K, 96% used [0x0000000794480000,0x0000000794da4428,0x0000000794e00000)
  to   space 11776K, 0% used [0x0000000793700000,0x0000000793700000,0x0000000794280000)
 ParOldGen       total 161792K, used 16374K [0x0000000720000000, 0x0000000729e00000, 0x000000078ab00000)
  object space 161792K, 10% used [0x0000000720000000,0x0000000720ffd860,0x0000000729e00000)
 Metaspace       used 47105K, capacity 48832K, committed 48936K, reserved 1091584K
  class space    used 6541K, capacity 6957K, committed 6960K, reserved 1048576K
Event: 10.434 GC heap after
Heap after GC invocations=11 (full 2):
 PSYoungGen      total 155136K, used 11768K [0x000000078ab00000, 0x0000000797900000, 0x00000007c0000000)
  eden space 143360K, 0% used [0x000000078ab00000,0x000000078ab00000,0x0000000793700000)
  from space 11776K, 99% used [0x0000000793700000,0x000000079427e380,0x0000000794280000)
  to   space 14848K, 0% used [0x0000000796a80000,0x0000000796a80000,0x0000000797900000)
 ParOldGen       total 161792K, used 21652K [0x0000000720000000, 0x0000000729e00000, 0x000000078ab00000)
  object space 161792K, 13% used [0x0000000720000000,0x0000000721525308,0x0000000729e00000)
 Metaspace       used 47105K, capacity 48832K, committed 48936K, reserved 1091584K
  class space    used 6541K, capacity 6957K, committed 6960K, reserved 1048576K
}
Event: 12.776 GC heap before
{Heap before GC invocations=12 (full 2):
 PSYoungGen      total 155136K, used 155128K [0x000000078ab00000, 0x0000000797900000, 0x00000007c0000000)
  eden space 143360K, 100% used [0x000000078ab00000,0x0000000793700000,0x0000000793700000)
  from space 11776K, 99% used [0x0000000793700000,0x000000079427e380,0x0000000794280000)
  to   space 14848K, 0% used [0x0000000796a80000,0x0000000796a80000,0x0000000797900000)
 ParOldGen       total 161792K, used 21652K [0x0000000720000000, 0x0000000729e00000, 0x000000078ab00000)
  object space 161792K, 13% used [0x0000000720000000,0x0000000721525308,0x0000000729e00000)
 Metaspace       used 54814K, capacity 57162K, committed 57256K, reserved 1097728K
  class space    used 7563K, capacity 8085K, committed 8112K, reserved 1048576K
Event: 12.799 GC heap after
Heap after GC invocations=12 (full 2):
 PSYoungGen      total 191488K, used 14824K [0x000000078ab00000, 0x0000000798200000, 0x00000007c0000000)
  eden space 176640K, 0% used [0x000000078ab00000,0x000000078ab00000,0x0000000795780000)
  from space 14848K, 99% used [0x0000000796a80000,0x00000007978fa040,0x0000000797900000)
  to   space 19456K, 0% used [0x0000000795780000,0x0000000795780000,0x0000000796a80000)
 ParOldGen       total 161792K, used 30845K [0x0000000720000000, 0x0000000729e00000, 0x000000078ab00000)
  object space 161792K, 19% used [0x0000000720000000,0x0000000721e1f468,0x0000000729e00000)
 Metaspace       used 54814K, capacity 57162K, committed 57256K, reserved 1097728K
  class space    used 7563K, capacity 8085K, committed 8112K, reserved 1048576K
}
Event: 13.011 GC heap before
{Heap before GC invocations=13 (full 2):
 PSYoungGen      total 191488K, used 33395K [0x000000078ab00000, 0x0000000798200000, 0x00000007c0000000)
  eden space 176640K, 10% used [0x000000078ab00000,0x000000078bd22ea8,0x0000000795780000)
  from space 14848K, 99% used [0x0000000796a80000,0x00000007978fa040,0x0000000797900000)
  to   space 19456K, 0% used [0x0000000795780000,0x0000000795780000,0x0000000796a80000)
 ParOldGen       total 161792K, used 30845K [0x0000000720000000, 0x0000000729e00000, 0x000000078ab00000)
  object space 161792K, 19% used [0x0000000720000000,0x0000000721e1f468,0x0000000729e00000)
 Metaspace       used 56659K, capacity 59030K, committed 59160K, reserved 1099776K
  class space    used 7762K, capacity 8291K, committed 8368K, reserved 1048576K
Event: 13.029 GC heap after
Heap after GC invocations=13 (full 2):
 PSYoungGen      total 196096K, used 17240K [0x000000078ab00000, 0x000000079c280000, 0x00000007c0000000)
  eden space 176640K, 0% used [0x000000078ab00000,0x000000078ab00000,0x0000000795780000)
  from space 19456K, 88% used [0x0000000795780000,0x0000000796856238,0x0000000796a80000)
  to   space 20992K, 0% used [0x000000079ae00000,0x000000079ae00000,0x000000079c280000)
 ParOldGen       total 161792K, used 30853K [0x0000000720000000, 0x0000000729e00000, 0x000000078ab00000)
  object space 161792K, 19% used [0x0000000720000000,0x0000000721e21468,0x0000000729e00000)
 Metaspace       used 56659K, capacity 59030K, committed 59160K, reserved 1099776K
  class space    used 7762K, capacity 8291K, committed 8368K, reserved 1048576K
}
Event: 13.029 GC heap before
{Heap before GC invocations=14 (full 3):
 PSYoungGen      total 196096K, used 17240K [0x000000078ab00000, 0x000000079c280000, 0x00000007c0000000)
  eden space 176640K, 0% used [0x000000078ab00000,0x000000078ab00000,0x0000000795780000)
  from space 19456K, 88% used [0x0000000795780000,0x0000000796856238,0x0000000796a80000)
  to   space 20992K, 0% used [0x000000079ae00000,0x000000079ae00000,0x000000079c280000)
 ParOldGen       total 161792K, used 30853K [0x0000000720000000, 0x0000000729e00000, 0x000000078ab00000)
  object space 161792K, 19% used [0x0000000720000000,0x0000000721e21468,0x0000000729e00000)
 Metaspace       used 56659K, capacity 59030K, committed 59160K, reserved 1099776K
  class space    used 7762K, capacity 8291K, committed 8368K, reserved 1048576K
Event: 13.259 GC heap after
Heap after GC invocations=14 (full 3):
 PSYoungGen      total 196096K, used 0K [0x000000078ab00000, 0x000000079c280000, 0x00000007c0000000)
  eden space 176640K, 0% used [0x000000078ab00000,0x000000078ab00000,0x0000000795780000)
  from space 19456K, 0% used [0x0000000795780000,0x0000000795780000,0x0000000796a80000)
  to   space 20992K, 0% used [0x000000079ae00000,0x000000079ae00000,0x000000079c280000)
 ParOldGen       total 222720K, used 33408K [0x0000000720000000, 0x000000072d980000, 0x000000078ab00000)
  object space 222720K, 15% used [0x0000000720000000,0x00000007220a0190,0x000000072d980000)
 Metaspace       used 56610K, capacity 58868K, committed 59160K, reserved 1099776K
  class space    used 7747K, capacity 8264K, committed 8368K, reserved 1048576K
}

